# JRE version: OpenJDK Runtime Environment Microsoft-8035246 (17.0.8+7) (build 17.0.8+7-LTS)
# Java VM: OpenJDK 64-Bit Server VM Microsoft-8035246 (17.0.8+7-LTS, mixed mode, sharing, tiered, compressed oops, compressed class ptrs, g1 gc, windows-amd64)
GC Precious Log:
 CPUs: 12 total, 12 available
 Memory: 15679M
 Large Page Support: Disabled
 NUMA Support: Disabled
 Compressed Oops: Enabled (32-bit)
 Heap Region Size: 1M
 Heap Min Capacity: 8M
 Heap Initial Capacity: 246M
 Heap Max Capacity: 2G
 Pre-touch: Disabled
 Parallel Workers: 10
 Concurrent Workers: 3
 Concurrent Refinement Workers: 10
 Periodic GC: Disabled
Heap:
 garbage-first heap   total 317440K, used 227111K [0x0000000080000000, 0x0000000100000000)
  region size 1024K, 27 young (27648K), 5 survivors (5120K)
 Metaspace       used 100247K, committed 101376K, reserved 557056K
  class space    used 14094K, committed 14656K, reserved 425984K
GC Heap History (20 events):
Event: 34.736 GC heap before
{Heap before GC invocations=56 (full 0):
 garbage-first heap   total 220160K, used 192098K [0x0000000080000000, 0x0000000100000000)
  region size 1024K, 12 young (12288K), 2 survivors (2048K)
 Metaspace       used 98037K, committed 99136K, reserved 557056K
  class space    used 13759K, committed 14272K, reserved 425984K
}
Event: 34.740 GC heap after
{Heap after GC invocations=57 (full 0):
 garbage-first heap   total 264192K, used 182670K [0x0000000080000000, 0x0000000100000000)
  region size 1024K, 1 young (1024K), 1 survivors (1024K)
 Metaspace       used 98037K, committed 99136K, reserved 557056K
  class space    used 13759K, committed 14272K, reserved 425984K
}
Event: 35.183 GC heap before
{Heap before GC invocations=57 (full 0):
 garbage-first heap   total 264192K, used 221582K [0x0000000080000000, 0x0000000100000000)
  region size 1024K, 39 young (39936K), 1 survivors (1024K)
 Metaspace       used 98225K, committed 99264K, reserved 557056K
  class space    used 13761K, committed 14272K, reserved 425984K
}
Event: 35.188 GC heap after
{Heap after GC invocations=58 (full 0):
 garbage-first heap   total 264192K, used 186238K [0x0000000080000000, 0x0000000100000000)
  region size 1024K, 5 young (5120K), 5 survivors (5120K)
 Metaspace       used 98225K, committed 99264K, reserved 557056K
  class space    used 13761K, committed 14272K, reserved 425984K
}
Event: 35.572 GC heap before
{Heap before GC invocations=58 (full 0):
 garbage-first heap   total 264192K, used 223102K [0x0000000080000000, 0x0000000100000000)
  region size 1024K, 41 young (41984K), 5 survivors (5120K)
 Metaspace       used 98799K, committed 99968K, reserved 557056K
  class space    used 13828K, committed 14400K, reserved 425984K
}
Event: 35.579 GC heap after
{Heap after GC invocations=59 (full 0):
 garbage-first heap   total 264192K, used 190728K [0x0000000080000000, 0x0000000100000000)
  region size 1024K, 5 young (5120K), 5 survivors (5120K)
 Metaspace       used 98799K, committed 99968K, reserved 557056K
  class space    used 13828K, committed 14400K, reserved 425984K
}
Event: 35.852 GC heap before
{Heap before GC invocations=59 (full 0):
 garbage-first heap   total 264192K, used 223496K [0x0000000080000000, 0x0000000100000000)
  region size 1024K, 38 young (38912K), 5 survivors (5120K)
 Metaspace       used 99664K, committed 100800K, reserved 557056K
  class space    used 14039K, committed 14592K, reserved 425984K
}
Event: 35.858 GC heap after
{Heap after GC invocations=60 (full 0):
 garbage-first heap   total 264192K, used 194977K [0x0000000080000000, 0x0000000100000000)
  region size 1024K, 5 young (5120K), 5 survivors (5120K)
 Metaspace       used 99664K, committed 100800K, reserved 557056K
  class space    used 14039K, committed 14592K, reserved 425984K
}
Event: 36.166 GC heap before
{Heap before GC invocations=60 (full 0):
 garbage-first heap   total 264192K, used 223649K [0x0000000080000000, 0x0000000100000000)
  region size 1024K, 34 young (34816K), 5 survivors (5120K)
 Metaspace       used 99824K, committed 100928K, reserved 557056K
  class space    used 14040K, committed 14592K, reserved 425984K
}
Event: 36.169 GC heap after
{Heap after GC invocations=61 (full 0):
 garbage-first heap   total 264192K, used 196130K [0x0000000080000000, 0x0000000100000000)
  region size 1024K, 3 young (3072K), 3 survivors (3072K)
 Metaspace       used 99824K, committed 100928K, reserved 557056K
  class space    used 14040K, committed 14592K, reserved 425984K
}
Event: 36.419 GC heap before
{Heap before GC invocations=61 (full 0):
 garbage-first heap   total 264192K, used 225826K [0x0000000080000000, 0x0000000100000000)
  region size 1024K, 33 young (33792K), 3 survivors (3072K)
 Metaspace       used 100154K, committed 101312K, reserved 557056K
  class space    used 14094K, committed 14656K, reserved 425984K
}
Event: 36.424 GC heap after
{Heap after GC invocations=62 (full 0):
 garbage-first heap   total 264192K, used 200233K [0x0000000080000000, 0x0000000100000000)
  region size 1024K, 5 young (5120K), 5 survivors (5120K)
 Metaspace       used 100154K, committed 101312K, reserved 557056K
  class space    used 14094K, committed 14656K, reserved 425984K
}
Event: 36.506 GC heap before
{Heap before GC invocations=62 (full 0):
 garbage-first heap   total 264192K, used 224809K [0x0000000080000000, 0x0000000100000000)
  region size 1024K, 30 young (30720K), 5 survivors (5120K)
 Metaspace       used 100182K, committed 101376K, reserved 557056K
  class space    used 14094K, committed 14656K, reserved 425984K
}
Event: 36.510 GC heap after
{Heap after GC invocations=63 (full 0):
 garbage-first heap   total 264192K, used 201978K [0x0000000080000000, 0x0000000100000000)
  region size 1024K, 4 young (4096K), 4 survivors (4096K)
 Metaspace       used 100182K, committed 101376K, reserved 557056K
  class space    used 14094K, committed 14656K, reserved 425984K
}
Event: 36.596 GC heap before
{Heap before GC invocations=63 (full 0):
 garbage-first heap   total 264192K, used 226554K [0x0000000080000000, 0x0000000100000000)
  region size 1024K, 28 young (28672K), 4 survivors (4096K)
 Metaspace       used 100193K, committed 101376K, reserved 557056K
  class space    used 14094K, committed 14656K, reserved 425984K
}
Event: 36.599 GC heap after
{Heap after GC invocations=64 (full 0):
 garbage-first heap   total 264192K, used 203003K [0x0000000080000000, 0x0000000100000000)
  region size 1024K, 3 young (3072K), 3 survivors (3072K)
 Metaspace       used 100193K, committed 101376K, reserved 557056K
  class space    used 14094K, committed 14656K, reserved 425984K
}
Event: 36.717 GC heap before
{Heap before GC invocations=64 (full 0):
 garbage-first heap   total 264192K, used 225531K [0x0000000080000000, 0x0000000100000000)
  region size 1024K, 26 young (26624K), 3 survivors (3072K)
 Metaspace       used 100201K, committed 101376K, reserved 557056K
  class space    used 14094K, committed 14656K, reserved 425984K
}
Event: 36.721 GC heap after
{Heap after GC invocations=65 (full 0):
 garbage-first heap   total 317440K, used 203806K [0x0000000080000000, 0x0000000100000000)
  region size 1024K, 3 young (3072K), 3 survivors (3072K)
 Metaspace       used 100201K, committed 101376K, reserved 557056K
  class space    used 14094K, committed 14656K, reserved 425984K
}
Event: 37.261 GC heap before
{Heap before GC invocations=65 (full 0):
 garbage-first heap   total 317440K, used 268318K [0x0000000080000000, 0x0000000100000000)
  region size 1024K, 67 young (68608K), 3 survivors (3072K)
 Metaspace       used 100240K, committed 101376K, reserved 557056K
  class space    used 14094K, committed 14656K, reserved 425984K
}
Event: 37.264 GC heap after
{Heap after GC invocations=66 (full 0):
 garbage-first heap   total 317440K, used 205607K [0x0000000080000000, 0x0000000100000000)
  region size 1024K, 5 young (5120K), 5 survivors (5120K)
 Metaspace       used 100240K, committed 101376K, reserved 557056K
  class space    used 14094K, committed 14656K, reserved 425984K
}

